{"contracts/Chiesa.sol":{"l":{"50":184,"51":183,"52":183,"53":183,"55":183,"56":183,"57":183,"58":183,"68":38,"69":37,"71":36,"72":32,"73":32,"76":36,"77":36,"78":36,"80":36,"90":7,"91":6,"93":6,"101":2,"103":1,"104":1,"106":1,"115":7,"116":7,"118":7,"121":6,"122":14,"123":14,"124":14,"134":3,"141":11,"148":1,"157":4,"164":3},"path":"/root/recovered/igreja-contracts/contracts/Chiesa.sol","s":{"1":184,"2":183,"3":183,"4":183,"5":38,"6":37,"7":36,"8":32,"9":36,"10":7,"11":6,"12":6,"13":2,"14":1,"15":1,"16":7,"17":7,"18":7,"19":6,"20":14,"21":14,"22":3,"23":11,"24":1,"25":4,"26":3},"b":{"1":[183,1],"2":[183,0],"3":[183,0],"4":[183,0],"5":[40,0],"6":[38,2],"7":[37,1],"8":[36,1],"9":[32,4],"10":[7,1],"11":[7,0],"12":[6,1],"13":[6,0],"14":[2,1],"15":[2,0],"16":[1,1],"17":[1,0],"18":[7,1],"19":[7,0],"20":[7,0],"21":[14,0],"22":[4,1],"23":[3,1]},"f":{"1":184,"2":38,"3":7,"4":2,"5":7,"6":3,"7":11,"8":1,"9":4,"10":3},"fnMap":{"1":{"name":"constructor","line":44,"loc":{"start":{"line":44,"column":4},"end":{"line":59,"column":4}}},"2":{"name":"donate","line":67,"loc":{"start":{"line":67,"column":4},"end":{"line":81,"column":4}}},"3":{"name":"depositToAave","line":89,"loc":{"start":{"line":89,"column":4},"end":{"line":94,"column":4}}},"4":{"name":"withdrawYield","line":100,"loc":{"start":{"line":100,"column":4},"end":{"line":107,"column":4}}},"5":{"name":"distributeYield","line":114,"loc":{"start":{"line":114,"column":4},"end":{"line":126,"column":4}}},"6":{"name":"getDonors","line":133,"loc":{"start":{"line":133,"column":4},"end":{"line":135,"column":4}}},"7":{"name":"getDonorCount","line":140,"loc":{"start":{"line":140,"column":4},"end":{"line":142,"column":4}}},"8":{"name":"getUserDonation","line":147,"loc":{"start":{"line":147,"column":4},"end":{"line":149,"column":4}}},"9":{"name":"pause","line":156,"loc":{"start":{"line":156,"column":4},"end":{"line":158,"column":4}}},"10":{"name":"unpause","line":163,"loc":{"start":{"line":163,"column":4},"end":{"line":165,"column":4}}}},"statementMap":{"1":{"start":{"line":50,"column":8},"end":{"line":50,"column":59}},"2":{"start":{"line":51,"column":8},"end":{"line":51,"column":68}},"3":{"start":{"line":52,"column":8},"end":{"line":52,"column":72}},"4":{"start":{"line":53,"column":8},"end":{"line":53,"column":86}},"5":{"start":{"line":68,"column":8},"end":{"line":68,"column":59}},"6":{"start":{"line":69,"column":8},"end":{"line":69,"column":87}},"7":{"start":{"line":71,"column":8},"end":{"line":71,"column":2524}},"8":{"start":{"line":73,"column":12},"end":{"line":73,"column":34}},"9":{"start":{"line":80,"column":8},"end":{"line":80,"column":66}},"10":{"start":{"line":90,"column":8},"end":{"line":90,"column":59}},"11":{"start":{"line":91,"column":8},"end":{"line":91,"column":74}},"12":{"start":{"line":93,"column":8},"end":{"line":93,"column":64}},"13":{"start":{"line":101,"column":8},"end":{"line":101,"column":59}},"14":{"start":{"line":103,"column":8},"end":{"line":103,"column":83}},"15":{"start":{"line":104,"column":8},"end":{"line":104,"column":50}},"16":{"start":{"line":115,"column":8},"end":{"line":115,"column":64}},"17":{"start":{"line":116,"column":8},"end":{"line":116,"column":64}},"18":{"start":{"line":118,"column":8},"end":{"line":118,"column":4139}},"19":{"start":{"line":121,"column":8},"end":{"line":121,"column":4216}},"20":{"start":{"line":122,"column":12},"end":{"line":122,"column":79}},"21":{"start":{"line":124,"column":12},"end":{"line":124,"column":77}},"22":{"start":{"line":134,"column":8},"end":{"line":134,"column":21}},"23":{"start":{"line":141,"column":8},"end":{"line":141,"column":28}},"24":{"start":{"line":148,"column":8},"end":{"line":148,"column":36}},"25":{"start":{"line":157,"column":8},"end":{"line":157,"column":15}},"26":{"start":{"line":164,"column":8},"end":{"line":164,"column":17}}},"branchMap":{"1":{"line":50,"type":"if","locations":[{"start":{"line":50,"column":8},"end":{"line":50,"column":8}},{"start":{"line":50,"column":8},"end":{"line":50,"column":8}}]},"2":{"line":51,"type":"if","locations":[{"start":{"line":51,"column":8},"end":{"line":51,"column":8}},{"start":{"line":51,"column":8},"end":{"line":51,"column":8}}]},"3":{"line":52,"type":"if","locations":[{"start":{"line":52,"column":8},"end":{"line":52,"column":8}},{"start":{"line":52,"column":8},"end":{"line":52,"column":8}}]},"4":{"line":53,"type":"if","locations":[{"start":{"line":53,"column":8},"end":{"line":53,"column":8}},{"start":{"line":53,"column":8},"end":{"line":53,"column":8}}]},"5":{"line":67,"type":"if","locations":[{"start":{"line":67,"column":45},"end":{"line":67,"column":45}},{"start":{"line":67,"column":45},"end":{"line":67,"column":45}}]},"6":{"line":67,"type":"if","locations":[{"start":{"line":67,"column":58},"end":{"line":67,"column":58}},{"start":{"line":67,"column":58},"end":{"line":67,"column":58}}]},"7":{"line":68,"type":"if","locations":[{"start":{"line":68,"column":8},"end":{"line":68,"column":8}},{"start":{"line":68,"column":8},"end":{"line":68,"column":8}}]},"8":{"line":69,"type":"if","locations":[{"start":{"line":69,"column":8},"end":{"line":69,"column":8}},{"start":{"line":69,"column":8},"end":{"line":69,"column":8}}]},"9":{"line":71,"type":"if","locations":[{"start":{"line":71,"column":8},"end":{"line":71,"column":8}},{"start":{"line":71,"column":8},"end":{"line":71,"column":8}}]},"10":{"line":89,"type":"if","locations":[{"start":{"line":89,"column":52},"end":{"line":89,"column":52}},{"start":{"line":89,"column":52},"end":{"line":89,"column":52}}]},"11":{"line":89,"type":"if","locations":[{"start":{"line":89,"column":62},"end":{"line":89,"column":62}},{"start":{"line":89,"column":62},"end":{"line":89,"column":62}}]},"12":{"line":90,"type":"if","locations":[{"start":{"line":90,"column":8},"end":{"line":90,"column":8}},{"start":{"line":90,"column":8},"end":{"line":90,"column":8}}]},"13":{"line":91,"type":"if","locations":[{"start":{"line":91,"column":8},"end":{"line":91,"column":8}},{"start":{"line":91,"column":8},"end":{"line":91,"column":8}}]},"14":{"line":100,"type":"if","locations":[{"start":{"line":100,"column":52},"end":{"line":100,"column":52}},{"start":{"line":100,"column":52},"end":{"line":100,"column":52}}]},"15":{"line":100,"type":"if","locations":[{"start":{"line":100,"column":62},"end":{"line":100,"column":62}},{"start":{"line":100,"column":62},"end":{"line":100,"column":62}}]},"16":{"line":101,"type":"if","locations":[{"start":{"line":101,"column":8},"end":{"line":101,"column":8}},{"start":{"line":101,"column":8},"end":{"line":101,"column":8}}]},"17":{"line":104,"type":"if","locations":[{"start":{"line":104,"column":8},"end":{"line":104,"column":8}},{"start":{"line":104,"column":8},"end":{"line":104,"column":8}}]},"18":{"line":114,"type":"if","locations":[{"start":{"line":114,"column":40},"end":{"line":114,"column":40}},{"start":{"line":114,"column":40},"end":{"line":114,"column":40}}]},"19":{"line":114,"type":"if","locations":[{"start":{"line":114,"column":50},"end":{"line":114,"column":50}},{"start":{"line":114,"column":50},"end":{"line":114,"column":50}}]},"20":{"line":116,"type":"if","locations":[{"start":{"line":116,"column":8},"end":{"line":116,"column":8}},{"start":{"line":116,"column":8},"end":{"line":116,"column":8}}]},"21":{"line":122,"type":"if","locations":[{"start":{"line":122,"column":12},"end":{"line":122,"column":12}},{"start":{"line":122,"column":12},"end":{"line":122,"column":12}}]},"22":{"line":156,"type":"if","locations":[{"start":{"line":156,"column":30},"end":{"line":156,"column":30}},{"start":{"line":156,"column":30},"end":{"line":156,"column":30}}]},"23":{"line":163,"type":"if","locations":[{"start":{"line":163,"column":32},"end":{"line":163,"column":32}},{"start":{"line":163,"column":32},"end":{"line":163,"column":32}}]}}},"contracts/DistributionLogic.sol":{"l":{"30":213,"48":7,"49":7,"51":7,"52":7,"55":7,"56":7,"59":7,"61":6,"62":8,"63":8,"66":6,"79":7,"92":6,"93":5,"95":3,"96":3,"97":3,"99":3},"path":"/root/recovered/igreja-contracts/contracts/DistributionLogic.sol","s":{"1":7,"2":7,"3":7,"4":6,"5":6,"6":7,"7":6,"8":5,"9":3},"b":{"1":[5,1],"2":[3,2]},"f":{"1":213,"2":7,"3":7,"4":6},"fnMap":{"1":{"name":"constructor","line":29,"loc":{"start":{"line":29,"column":4},"end":{"line":31,"column":4}}},"2":{"name":"calculateDistribution","line":42,"loc":{"start":{"line":42,"column":4},"end":{"line":67,"column":4}}},"3":{"name":"calculatePercentage","line":74,"loc":{"start":{"line":74,"column":4},"end":{"line":80,"column":4}}},"4":{"name":"setDistributionPercentages","line":87,"loc":{"start":{"line":87,"column":4},"end":{"line":100,"column":4}}}},"statementMap":{"1":{"start":{"line":48,"column":8},"end":{"line":48,"column":69}},"2":{"start":{"line":49,"column":8},"end":{"line":49,"column":79}},"3":{"start":{"line":59,"column":8},"end":{"line":59,"column":66}},"4":{"start":{"line":61,"column":8},"end":{"line":61,"column":2036}},"5":{"start":{"line":66,"column":8},"end":{"line":66,"column":36}},"6":{"start":{"line":79,"column":8},"end":{"line":79,"column":42}},"7":{"start":{"line":92,"column":8},"end":{"line":92,"column":49}},"8":{"start":{"line":93,"column":8},"end":{"line":93,"column":82}},"9":{"start":{"line":99,"column":8},"end":{"line":99,"column":66}}},"branchMap":{"1":{"line":92,"type":"if","locations":[{"start":{"line":92,"column":8},"end":{"line":92,"column":8}},{"start":{"line":92,"column":8},"end":{"line":92,"column":8}}]},"2":{"line":93,"type":"if","locations":[{"start":{"line":93,"column":8},"end":{"line":93,"column":8}},{"start":{"line":93,"column":8},"end":{"line":93,"column":8}}]}}},"contracts/interfaces/IAave.sol":{"l":{},"path":"/root/recovered/igreja-contracts/contracts/interfaces/IAave.sol","s":{},"b":{},"f":{},"fnMap":{},"statementMap":{},"branchMap":{}},"contracts/interfaces/IERC20.sol":{"l":{},"path":"/root/recovered/igreja-contracts/contracts/interfaces/IERC20.sol","s":{},"b":{},"f":{},"fnMap":{},"statementMap":{},"branchMap":{}},"contracts/interfaces/IGnosisSafe.sol":{"l":{},"path":"/root/recovered/igreja-contracts/contracts/interfaces/IGnosisSafe.sol","s":{},"b":{},"f":{},"fnMap":{},"statementMap":{},"branchMap":{}},"contracts/mocks/MockAave.sol":{"l":{"23":6,"24":6,"32":1,"33":1,"34":1,"35":1,"50":0,"64":177,"65":177,"69":0,"73":0,"77":0},"path":"/root/recovered/igreja-contracts/contracts/mocks/MockAave.sol","s":{"1":6,"2":1,"3":1,"4":1,"5":0,"6":177,"7":0,"8":0,"9":0},"b":{"1":[1,0]},"f":{"1":6,"2":1,"3":0,"4":177,"5":0,"6":0,"7":0},"fnMap":{"1":{"name":"deposit","line":16,"loc":{"start":{"line":16,"column":4},"end":{"line":25,"column":4}}},"2":{"name":"withdraw","line":27,"loc":{"start":{"line":27,"column":4},"end":{"line":36,"column":4}}},"3":{"name":"getUserAccountData","line":38,"loc":{"start":{"line":38,"column":4},"end":{"line":51,"column":4}}},"4":{"name":"constructor","line":62,"loc":{"start":{"line":61,"column":4},"end":{"line":66,"column":4}}},"5":{"name":"decimals","line":68,"loc":{"start":{"line":68,"column":4},"end":{"line":70,"column":4}}},"6":{"name":"mint","line":72,"loc":{"start":{"line":72,"column":4},"end":{"line":74,"column":4}}},"7":{"name":"burn","line":76,"loc":{"start":{"line":76,"column":4},"end":{"line":78,"column":4}}}},"statementMap":{"1":{"start":{"line":24,"column":8},"end":{"line":24,"column":47}},"2":{"start":{"line":32,"column":8},"end":{"line":32,"column":77}},"3":{"start":{"line":34,"column":8},"end":{"line":34,"column":40}},"4":{"start":{"line":35,"column":8},"end":{"line":35,"column":21}},"5":{"start":{"line":50,"column":8},"end":{"line":50,"column":49}},"6":{"start":{"line":65,"column":8},"end":{"line":65,"column":60}},"7":{"start":{"line":69,"column":8},"end":{"line":69,"column":24}},"8":{"start":{"line":73,"column":8},"end":{"line":73,"column":24}},"9":{"start":{"line":77,"column":8},"end":{"line":77,"column":32}}},"branchMap":{"1":{"line":32,"type":"if","locations":[{"start":{"line":32,"column":8},"end":{"line":32,"column":8}},{"start":{"line":32,"column":8},"end":{"line":32,"column":8}}]}}}}